<?xml version="1.0" encoding="UTF-8"?>
<!-- Generated by org.testng.reporters.JUnitReportReporter -->
<testsuite hostname="NDI-LAP-329" failures="0" tests="2" name="Maven.MavenProject.SampleTestClass" time="3.368" errors="0" timestamp="2022-06-28T18:28:41 IST" skipped="0">
  <testcase classname="Maven.MavenProject.SampleTestClass" name="autoQuesTwo" time="1.132"/>
  <system-out/>
  <testcase classname="Maven.MavenProject.SampleTestClass" name="autoQuesOne" time="2.236"/>
  <system-out/>
</testsuite> <!-- Maven.MavenProject.SampleTestClass -->
